2025-09-08 23:46:28,303 - INFO - 成功加载应用图标: I:\OSkhQuant\icons\stock_icon.ico
2025-09-08 23:46:28,305 - INFO - 图标目录路径: I:\OSkhQuant\icons
2025-09-08 23:46:28,883 - INFO - 启动画面显示成功
2025-09-08 23:46:30,739 - INFO - GUI初始化完成
2025-09-08 23:46:30,739 - INFO - GUI初始化完成
2025-09-08 23:46:30,739 - INFO - 软件启动时间: 2025-09-08 23:46:28
2025-09-08 23:46:30,742 - INFO - 当前版本: 2.1.0
2025-09-08 23:46:30,743 - INFO - 日志文件路径: I:\logs\app.log
2025-09-08 23:46:30,743 - INFO - 程序运行环境: 源码环境
2025-09-08 23:46:30,790 - INFO - 主窗口创建成功
2025-09-08 23:46:30,791 - INFO - 加载进度: 20% - 正在初始化系统...
2025-09-08 23:46:30,963 - INFO - 加载进度: 40% - 正在检查更新...
2025-09-08 23:46:31,017 - INFO - 加载进度: 60% - 正在加载组件...
2025-09-08 23:46:31,079 - INFO - 加载进度: 80% - 正在准备用户界面...
2025-09-08 23:46:31,134 - INFO - 加载进度: 100% - 启动完成
2025-09-08 23:46:31,193 - INFO - 启动画面已关闭
2025-09-08 23:46:33,187 - INFO - 开始检查软件更新
2025-09-08 23:46:33,188 - INFO - 开始检查软件更新
2025-09-08 23:46:33,190 - DEBUG - Starting new HTTPS connection (1): khsci.com:443
2025-09-08 23:46:34,264 - DEBUG - https://khsci.com:443 "POST /khQuant/wp-admin/admin-ajax.php HTTP/1.1" 200 593
2025-09-08 23:46:34,265 - DEBUG - 服务器响应: {'success': True, 'data': {'version': 'V2.1.0', 'force_update': False, 'description': 'V2.1版本正式发布！\r\n现在可以在链接中下载软件，请在安装前先卸载V1.3版本。软件使用请参考教程https://khsci.com/khQuant/tutorial/', 'release_date': '2025-09-08', 'channel': 'stable', 'min_version': 'V1.0.0', 'download_url': 'https://pan.baidu.com/s/1w2MmtDlVF1mvCLLvI7yWyA?pwd=af8i', 'checksum': '', 'filesize': 280000000, 'upload_time': '2025-09-08 15:45:20'}}
2025-09-08 23:46:34,266 - DEBUG - 获取到版本信息: {'version': 'V2.1.0', 'force_update': False, 'description': 'V2.1版本正式发布！\r\n现在可以在链接中下载软件，请在安装前先卸载V1.3版本。软件使用请参考教程https://khsci.com/khQuant/tutorial/', 'release_date': '2025-09-08', 'channel': 'stable', 'min_version': 'V1.0.0', 'download_url': 'https://pan.baidu.com/s/1w2MmtDlVF1mvCLLvI7yWyA?pwd=af8i', 'checksum': '', 'filesize': 280000000, 'upload_time': '2025-09-08 15:45:20'}
2025-09-08 23:46:34,266 - DEBUG - 比较版本: 新版本=V2.1.0, 当前版本=2.1.0
2025-09-08 23:46:34,267 - DEBUG - 版本号相同
2025-09-08 23:46:34,267 - INFO - 当前已是最新版本
2025-09-08 23:46:34,267 - INFO - 更新检查完成: 成功=True, 消息=当前已是最新版本
2025-09-08 23:46:40,157 - INFO - 从设置界面读取到 init_data_enabled = False
2025-09-08 23:46:40,159 - INFO - 配置信息已更新
2025-09-08 23:46:40,345 - INFO - 计算买入量: 股票=000002.SZ, 原始价格=6.84, 考虑滑点后价格=6.87, 可用现金=1000000.00, 使用比例=0.50, 计划买入=72700, 成本=49.94, 总花费=499498.94
2025-09-08 23:46:40,345 - INFO - 生成买入信号: {'code': '000002.SZ', 'action': 'buy', 'price': 6.84, 'volume': 72700, 'reason': '000002 RSI 上穿30，33.29', 'timestamp': 1737388800000}
2025-09-08 23:46:41,283 - INFO - 计算买入量: 股票=000001.SZ, 原始价格=10.37, 考虑滑点后价格=10.42, 可用现金=500501.06, 使用比例=0.50, 计划买入=24000, 成本=25.01, 总花费=250105.01
2025-09-08 23:46:41,284 - INFO - 生成买入信号: {'code': '000001.SZ', 'action': 'buy', 'price': 10.37, 'volume': 24000, 'reason': '000001 RSI 上穿30，31.21', 'timestamp': 1744128000000}
2025-09-08 23:46:41,825 - INFO - 生成卖出信号: {'code': '000001.SZ', 'action': 'sell', 'price': 11.08, 'volume': 24000, 'reason': '000001 RSI 下穿70，63.00', 'timestamp': 1748188800000}
2025-09-08 23:46:43,157 - INFO - 从 2025-01-02 到 2025-05-30 共有 97 个交易日
2025-09-08 23:46:43,167 - INFO - 从 2025-01-02 到 2025-05-30 共有 97 个交易日
2025-09-08 23:46:43,216 - INFO - 从 2025-01-02 到 2025-05-30 共有 97 个交易日
